SF:/Users/yigitkonur/dev/serper-deno-sdk/mod.ts
FNF:0
FNH:0
BRF:0
BRH:0
DA:104,4
DA:107,4
DA:108,4
DA:109,4
DA:110,4
DA:111,4
DA:112,4
DA:113,4
LH:8
LF:8
end_of_record
SF:/Users/yigitkonur/dev/serper-deno-sdk/src/client.ts
FN:84,<instance_members_initializer>
FN:111,SerperClient
FN:153,search
FN:181,searchImages
FN:206,searchNews
FN:229,searchVideos
FN:254,searchShopping
FN:284,searchMaps
FN:307,searchPlaces
FN:342,getReviews
FN:372,searchScholar
FN:400,searchPatents
FN:427,autocomplete
FN:442,#request
FN:515,#handleError
FNDA:27,<instance_members_initializer>
FNDA:27,SerperClient
FNDA:12,search
FNDA:1,searchImages
FNDA:1,searchNews
FNDA:1,searchVideos
FNDA:1,searchShopping
FNDA:2,searchMaps
FNDA:1,searchPlaces
FNDA:2,getReviews
FNDA:1,searchScholar
FNDA:1,searchPatents
FNDA:1,autocomplete
FNDA:20,#request
FNDA:4,#handleError
FNF:15
FNH:15
BRDA:112,2,0,1
BRDA:114,2,1,26
BRDA:117,2,2,25
BRDA:120,2,3,25
BRDA:154,3,0,11
BRDA:154,3,1,2
BRDA:156,3,2,10
BRDA:182,4,0,0
BRDA:207,5,0,0
BRDA:230,6,0,0
BRDA:258,7,0,0
BRDA:285,8,0,0
BRDA:343,10,0,1
BRDA:343,10,1,1
BRDA:343,10,2,1
BRDA:376,11,0,0
BRDA:404,12,0,0
BRDA:428,13,0,0
BRDA:449,14,0,2
BRDA:449,14,1,1
BRDA:452,14,2,0
BRDA:452,14,3,0
BRDA:477,14,4,4
BRDA:478,14,5,0
BRDA:479,14,6,16
BRDA:483,14,7,4
BRDA:487,14,8,0
BRDA:495,14,9,3
BRDA:496,14,10,2
BRDA:497,14,11,1
BRDA:501,14,12,0
BRDA:505,14,13,0
BRDA:520,17,0,0
BRDA:521,17,1,0
BRDA:529,17,2,3
BRDA:529,17,3,1
BRDA:531,17,4,3
BRDA:533,17,5,1
BRDA:535,17,6,2
BRDA:537,17,7,1
BRF:40
BRH:24
DA:30,4
DA:31,4
DA:32,4
DA:33,4
DA:34,4
DA:35,4
DA:37,4
DA:82,4
DA:84,4
DA:87,31
DA:90,31
DA:93,31
DA:96,4
DA:111,4
DA:112,31
DA:113,32
DA:114,32
DA:116,57
DA:117,31
DA:118,31
DA:119,31
DA:120,31
DA:121,31
DA:153,4
DA:154,16
DA:155,18
DA:156,18
DA:157,104
DA:158,16
DA:181,4
DA:182,0
DA:183,0
DA:184,0
DA:185,20
DA:186,5
DA:206,4
DA:207,0
DA:208,0
DA:209,0
DA:210,20
DA:211,5
DA:229,4
DA:230,0
DA:231,0
DA:232,0
DA:233,20
DA:234,5
DA:254,4
DA:255,4
DA:256,4
DA:257,4
DA:258,0
DA:259,0
DA:260,0
DA:261,20
DA:262,5
DA:284,4
DA:285,0
DA:286,0
DA:287,0
DA:288,24
DA:289,6
DA:307,4
DA:308,5
DA:309,5
DA:342,4
DA:343,6
DA:344,7
DA:345,7
DA:347,7
DA:348,21
DA:349,6
DA:372,4
DA:373,4
DA:374,4
DA:375,4
DA:376,0
DA:377,0
DA:378,0
DA:379,20
DA:380,5
DA:400,4
DA:401,4
DA:402,4
DA:403,4
DA:404,0
DA:405,0
DA:406,0
DA:407,20
DA:408,5
DA:427,4
DA:428,0
DA:429,0
DA:430,0
DA:431,5
DA:432,5
DA:433,5
DA:434,5
DA:435,5
DA:442,4
DA:444,24
DA:445,24
DA:446,24
DA:449,24
DA:450,25
DA:451,25
DA:452,0
DA:453,0
DA:454,0
DA:457,24
DA:458,24
DA:461,24
DA:462,0
DA:464,24
DA:465,24
DA:466,24
DA:467,24
DA:468,24
DA:469,24
DA:470,24
DA:471,24
DA:472,24
DA:473,24
DA:475,24
DA:477,24
DA:478,28
DA:479,0
DA:481,40
DA:482,40
DA:483,24
DA:484,28
DA:487,0
DA:488,0
DA:489,0
DA:491,0
DA:494,28
DA:495,28
DA:496,28
DA:497,28
DA:498,28
DA:499,28
DA:500,28
DA:501,28
DA:504,0
DA:505,0
DA:507,28
DA:508,24
DA:515,4
DA:516,8
DA:518,8
DA:519,8
DA:520,0
DA:521,0
DA:523,0
DA:524,0
DA:526,8
DA:529,8
DA:530,9
DA:531,9
DA:533,8
DA:534,9
DA:535,9
DA:537,8
DA:538,9
DA:539,9
DA:542,9
DA:543,8
DA:544,4
LH:129
LF:168
end_of_record
SF:/Users/yigitkonur/dev/serper-deno-sdk/src/constants.ts
FNF:0
FNH:0
BRF:0
BRH:0
DA:7,4
DA:10,4
DA:13,4
DA:16,4
LH:4
LF:4
end_of_record
SF:/Users/yigitkonur/dev/serper-deno-sdk/src/errors.ts
FN:41,<instance_members_initializer>
FN:53,SerperError
FN:99,SerperAuthError
FN:142,SerperRateLimitError
FN:183,SerperValidationError
FN:226,SerperServerError
FNDA:19,<instance_members_initializer>
FNDA:19,SerperError
FNDA:4,SerperAuthError
FNDA:4,SerperRateLimitError
FNDA:7,SerperValidationError
FNDA:4,SerperServerError
FNF:6
FNH:6
BRF:0
BRH:0
DA:39,4
DA:41,4
DA:44,4
DA:53,4
DA:54,23
DA:55,23
DA:56,23
DA:57,23
DA:60,23
DA:61,23
DA:62,4
DA:93,4
DA:99,4
DA:100,8
DA:101,8
DA:102,8
DA:103,8
DA:104,4
DA:136,4
DA:142,4
DA:143,8
DA:144,8
DA:145,8
DA:146,8
DA:147,4
DA:177,4
DA:183,4
DA:184,11
DA:185,11
DA:186,11
DA:187,11
DA:188,4
DA:220,4
DA:226,4
DA:227,8
DA:228,8
DA:229,8
DA:230,8
DA:231,4
LH:39
LF:39
end_of_record
SF:/Users/yigitkonur/dev/serper-deno-sdk/tests/helpers.ts
FN:13,mockFetch
FN:18,globalThis.fetch
FN:43,jsonResponse
FN:57,errorResponse
FN:67,mockSearchResult
FN:95,mockImageSearchResult
FNDA:21,mockFetch
FNDA:20,globalThis.fetch
FNDA:17,jsonResponse
FNDA:4,errorResponse
FNDA:7,mockSearchResult
FNDA:0,mockImageSearchResult
FNF:6
FNH:5
BRDA:22,2,0,4
BRDA:25,2,1,16
BRF:2
BRH:2
DA:13,3
DA:14,3
DA:16,24
DA:18,24
DA:19,24
DA:20,24
DA:22,44
DA:23,48
DA:24,48
DA:25,48
DA:26,60
DA:27,24
DA:29,24
DA:30,24
DA:31,45
DA:32,45
DA:33,24
DA:34,24
DA:43,3
DA:44,20
DA:45,20
DA:46,60
DA:47,20
DA:48,20
DA:57,3
DA:58,21
DA:59,7
DA:60,21
DA:61,7
DA:62,7
DA:67,3
DA:68,10
DA:69,10
DA:70,10
DA:71,10
DA:72,10
DA:73,10
DA:74,10
DA:75,10
DA:76,10
DA:77,10
DA:78,10
DA:79,10
DA:80,10
DA:81,10
DA:82,10
DA:83,10
DA:84,10
DA:85,10
DA:86,10
DA:87,10
DA:88,40
DA:89,10
DA:90,10
DA:95,0
DA:96,0
DA:97,0
DA:98,0
DA:99,0
DA:100,0
DA:101,0
DA:102,0
DA:103,0
DA:104,0
DA:105,0
DA:106,0
DA:107,0
DA:108,0
DA:109,0
DA:110,0
DA:111,0
DA:112,0
DA:113,0
DA:114,0
DA:115,0
DA:116,0
DA:118,0
DA:119,0
LH:54
LF:78
end_of_record
